2026-03-05 07:53:26  INFO      autocue.batch  Batch gestartet — Playlist=analyse-playlist  mode=LIVE
2026-03-05 07:53:26  INFO      autocue.batch  Backup erstellt: /Users/sebastiangabler/Library/Pioneer/rekordbox/master.db.backup_20260305_075326
2026-03-05 07:53:26  INFO      autocue.batch  Review & Learn abgeschlossen
2026-03-05 07:53:26  ERROR     autocue.batch  Playlist nicht gefunden: analyse-playlist
2026-03-05 07:54:59  INFO      autocue.batch  Batch gestartet — Playlist=analyse-playlist  mode=LIVE
2026-03-05 07:54:59  INFO      autocue.batch  Backup erstellt: /Users/sebastiangabler/Library/Pioneer/rekordbox/master.db.backup_20260305_075459
2026-03-05 07:54:59  INFO      autocue.batch  Review & Learn abgeschlossen
2026-03-05 07:54:59  ERROR     autocue.batch  Playlist nicht gefunden: analyse-playlist
2026-03-05 07:56:53  INFO      autocue.batch  Batch gestartet — Playlist=analyse-playlist  mode=LIVE
2026-03-05 07:56:53  INFO      autocue.batch  Backup erstellt: /Users/sebastiangabler/Library/Pioneer/rekordbox/master.db.backup_20260305_075653
2026-03-05 07:56:53  INFO      autocue.batch  Review & Learn abgeschlossen
2026-03-05 07:56:53  INFO      autocue.batch  [1/11] 5 Minutes (Extended Mix)
2026-03-05 07:56:53  INFO      autocue.writer  Verarbeite: 01 5 Minutes (Extended Mix)  [LIVE]
2026-03-05 07:57:07  INFO      autocue.batch  OK: 5 Minutes (Extended Mix)  Cues=10
2026-03-05 07:57:07  INFO      autocue.batch  [2/11] Light Switch (DJ Intro - DJ Outro 2 Clean)
2026-03-05 07:57:07  INFO      autocue.writer  Verarbeite: 04 Light Switch (DJ Intro - DJ Outro 2 Clean)  [LIVE]
2026-03-05 07:57:16  INFO      autocue.batch  OK: Light Switch (DJ Intro - DJ Outro 2 Clean)  Cues=10
2026-03-05 07:57:16  INFO      autocue.batch  [3/11] 1001 Arabian Nights (Extended Mix)
2026-03-05 07:57:16  INFO      autocue.writer  Verarbeite: 01 1001 Arabian Nights (Extended Mix)  [LIVE]
2026-03-05 07:57:25  INFO      autocue.batch  OK: 1001 Arabian Nights (Extended Mix)  Cues=13
2026-03-05 07:57:25  INFO      autocue.batch  [4/11] Take Over Control (BYNX Remix) (Extended Mix)
2026-03-05 07:57:25  INFO      autocue.writer  Verarbeite: 02 Take Over Control (BYNX Remix) (Extended Mix)  [LIVE]
2026-03-05 07:57:37  INFO      autocue.batch  OK: Take Over Control (BYNX Remix) (Extended Mix)  Cues=12
2026-03-05 07:57:37  INFO      autocue.batch  [5/11] Ready Or Not x Boadicea (Curbi Bootleg)
2026-03-05 07:57:37  INFO      autocue.writer  Verarbeite: Ready Or Not x Boadicea (Curbi Bootleg)  [LIVE]
2026-03-05 07:57:46  INFO      autocue.batch  OK: Ready Or Not x Boadicea (Curbi Bootleg)  Cues=11
2026-03-05 07:57:46  INFO      autocue.batch  [6/11] Left And Right (DJ Intro - DJ Outro Clean)
2026-03-05 07:57:46  INFO      autocue.writer  Verarbeite: 03 Left And Right (DJ Intro - DJ Outro Clean)  [LIVE]
2026-03-05 07:57:54  INFO      autocue.batch  OK: Left And Right (DJ Intro - DJ Outro Clean)  Cues=11
2026-03-05 07:57:54  INFO      autocue.batch  [7/11] Gaana Modam (E)
2026-03-05 07:57:54  INFO      autocue.writer  Verarbeite: 02 Gaana Modam (E)  [LIVE]
2026-03-05 07:58:07  INFO      autocue.batch  OK: Gaana Modam (E)  Cues=11
2026-03-05 07:58:07  INFO      autocue.batch  [8/11] Best Love Song (DJ Intro - DJ Outro (Clean))
2026-03-05 07:58:07  INFO      autocue.writer  Verarbeite: 05 Best Love Song (DJ Intro - DJ Outro (Clean))  [LIVE]
2026-03-05 07:58:17  INFO      autocue.batch  OK: Best Love Song (DJ Intro - DJ Outro (Clean))  Cues=12
2026-03-05 07:58:17  INFO      autocue.batch  [9/11] Put Your Bassline (Extended Mix)
2026-03-05 07:58:17  INFO      autocue.writer  Verarbeite: 02 Put Your Bassline (Extended Mix)  [LIVE]
2026-03-05 07:58:29  INFO      autocue.batch  OK: Put Your Bassline (Extended Mix)  Cues=11
2026-03-05 07:58:29  INFO      autocue.batch  [10/11] Money Loves Speed (Original Mix)
2026-03-05 07:58:29  INFO      autocue.writer  Verarbeite: 01 Money Loves Speed (Original Mix)  [LIVE]
2026-03-05 07:58:43  INFO      autocue.batch  OK: Money Loves Speed (Original Mix)  Cues=11
2026-03-05 07:58:43  INFO      autocue.batch  [11/11] Lola Young Vs Ingrosso & Tommy Trash - Messy Reload (Djs From Mars Bootleg)
2026-03-05 07:58:43  INFO      autocue.writer  Verarbeite: 06 Lola Young Vs Ingrosso & Tommy Trash - Messy Reload (Djs From Mars Bootleg)  [LIVE]
2026-03-05 07:58:53  INFO      autocue.batch  OK: Lola Young Vs Ingrosso & Tommy Trash - Messy Reload (Djs From Mars Bootleg)  Cues=11
2026-03-05 07:58:53  INFO      autocue.batch  Batch abgeschlossen: processed=11 skipped=0 errors=0 elapsed=120.3s
2026-03-05 08:11:25  INFO      autocue.batch  Batch gestartet — Playlist=analyse-playlist  mode=LIVE
2026-03-05 08:11:25  INFO      autocue.batch  Backup erstellt: /Users/sebastiangabler/Library/Pioneer/rekordbox/master.db.backup_20260305_081125
2026-03-05 08:11:26  INFO      autocue.batch  Review & Learn abgeschlossen
2026-03-05 08:11:26  INFO      autocue.batch  [1/7] Alone (Original Mix)
2026-03-05 08:11:26  INFO      autocue.writer  Verarbeite: 01 Alone (Original Mix)  [LIVE]
2026-03-05 08:11:37  INFO      autocue.batch  OK: Alone (Original Mix)  Cues=13
2026-03-05 08:11:37  INFO      autocue.batch  [2/7] A New Day (Extended Mix)
2026-03-05 08:11:37  INFO      autocue.writer  Verarbeite: 01 A New Day (Extended Mix)  [LIVE]
2026-03-05 08:11:48  INFO      autocue.batch  OK: A New Day (Extended Mix)  Cues=9
2026-03-05 08:11:48  INFO      autocue.batch  [3/7] Alone (Extended Mix)
2026-03-05 08:11:48  INFO      autocue.writer  Verarbeite: 01 Alone (Extended Mix)  [LIVE]
2026-03-05 08:11:55  INFO      autocue.batch  OK: Alone (Extended Mix)  Cues=10
2026-03-05 08:11:55  INFO      autocue.batch  [4/7] All The Things She Said (Tiktok Extended Mix)
2026-03-05 08:11:55  INFO      autocue.writer  Verarbeite: 01 All The Things She Said (Tiktok Extended Mix)  [LIVE]
2026-03-05 08:12:02  INFO      autocue.batch  OK: All The Things She Said (Tiktok Extended Mix)  Cues=11
2026-03-05 08:12:02  INFO      autocue.batch  [5/7] American Boy (Original Mix)
2026-03-05 08:12:02  INFO      autocue.writer  Verarbeite: 01 American Boy (Original Mix)  [LIVE]
2026-03-05 08:12:12  INFO      autocue.batch  OK: American Boy (Original Mix)  Cues=10
2026-03-05 08:12:12  INFO      autocue.batch  [6/7] Ain't Nobody (Extended Mix)
2026-03-05 08:12:12  INFO      autocue.writer  Verarbeite: 01 Ain't Nobody (Extended Mix)  [LIVE]
2026-03-05 08:12:23  INFO      autocue.batch  OK: Ain't Nobody (Extended Mix)  Cues=11
2026-03-05 08:12:23  INFO      autocue.batch  [7/7] Activate (Extended Mix)
2026-03-05 08:12:23  INFO      autocue.writer  Verarbeite: 01 Activate (Extended Mix)  [LIVE]
2026-03-05 08:12:33  INFO      autocue.batch  OK: Activate (Extended Mix)  Cues=10
2026-03-05 08:12:33  INFO      autocue.batch  Batch abgeschlossen: processed=7 skipped=0 errors=0 elapsed=67.8s
2026-03-05 08:19:30  INFO      autocue.batch  Batch gestartet — Playlist=analyse-playlist  mode=LIVE
2026-03-05 08:19:30  INFO      autocue.batch  Backup erstellt: /Users/sebastiangabler/Library/Pioneer/rekordbox/master.db.backup_20260305_081930
2026-03-05 08:19:30  INFO      autocue.batch  Review & Learn abgeschlossen
2026-03-05 09:33:52  INFO      autocue.batch  Batch gestartet — Playlist=analyse-playlist  mode=LIVE
2026-03-05 09:33:52  INFO      autocue.batch  Backup erstellt: /Users/sebastiangabler/Library/Pioneer/rekordbox/master.db.backup_20260305_093352
2026-03-05 09:33:52  INFO      autocue.batch  Review & Learn abgeschlossen
2026-03-05 09:33:52  INFO      autocue.batch  [1/9] Thank You (Original Mix)
2026-03-05 09:33:52  INFO      autocue.writer  Verarbeite: 01 Thank You (Original Mix)  [LIVE]
2026-03-05 09:34:08  INFO      autocue.batch  OK: Thank You (Original Mix)  Cues=12
2026-03-05 09:34:08  INFO      autocue.batch  [2/9] Music Is The Answer
2026-03-05 09:34:08  INFO      autocue.writer  Verarbeite: Music Is The Answer  [LIVE]
2026-03-05 09:34:20  INFO      autocue.batch  OK: Music Is The Answer  Cues=12
2026-03-05 09:34:20  INFO      autocue.batch  [3/9] Brighter Days
2026-03-05 09:34:20  INFO      autocue.writer  Verarbeite: Brighter Days  [LIVE]
2026-03-05 09:34:29  INFO      autocue.batch  OK: Brighter Days  Cues=12
2026-03-05 09:34:29  INFO      autocue.batch  [4/9] Operation Blade (DJ Kuba & Neitan Mashup)
2026-03-05 09:34:29  INFO      autocue.writer  Verarbeite: 01 Operation Blade (DJ Kuba & Neitan Mashup)  [LIVE]
2026-03-05 09:34:41  INFO      autocue.batch  OK: Operation Blade (DJ Kuba & Neitan Mashup)  Cues=11
2026-03-05 09:34:41  INFO      autocue.batch  [5/9] Not So Bad (Robert Falcon Extended Remix)
2026-03-05 09:34:41  INFO      autocue.writer  Verarbeite: 05 Not So Bad (Robert Falcon Extended Remix)  [LIVE]
2026-03-05 09:34:50  INFO      autocue.batch  OK: Not So Bad (Robert Falcon Extended Remix)  Cues=11
2026-03-05 09:34:50  INFO      autocue.batch  [6/9] No Broke Boys (Dave Summer Edit)
2026-03-05 09:34:50  INFO      autocue.writer  Verarbeite: No Broke Boys (Dave Summer Edit)  [LIVE]
2026-03-05 09:35:01  INFO      autocue.batch  OK: No Broke Boys (Dave Summer Edit)  Cues=10
2026-03-05 09:35:01  INFO      autocue.batch  [7/9] Been Good (Extended Mix)
2026-03-05 09:35:01  INFO      autocue.writer  Verarbeite: 01 Been Good (Extended Mix)  [LIVE]
2026-03-05 09:35:09  INFO      autocue.batch  OK: Been Good (Extended Mix)  Cues=9
2026-03-05 09:35:09  INFO      autocue.batch  [8/9] U Should Not Be Doing That (Original Mix)
2026-03-05 09:35:09  INFO      autocue.writer  Verarbeite: 01 U Should Not Be Doing That (Original Mix)  [LIVE]
2026-03-05 09:35:21  INFO      autocue.batch  OK: U Should Not Be Doing That (Original Mix)  Cues=12
2026-03-05 09:35:21  INFO      autocue.batch  [9/9] Party Alarm (Extended Mix)
2026-03-05 09:35:21  INFO      autocue.writer  Verarbeite: 01 Party Alarm (Extended Mix)  [LIVE]
2026-03-05 09:35:30  INFO      autocue.batch  OK: Party Alarm (Extended Mix)  Cues=11
2026-03-05 09:35:30  INFO      autocue.batch  Batch abgeschlossen: processed=9 skipped=0 errors=0 elapsed=98.0s
2026-03-05 09:43:39  INFO      autocue.batch  Batch gestartet — Playlist=analyse-playlist  mode=LIVE
2026-03-05 09:43:39  INFO      autocue.batch  Backup erstellt: /Users/sebastiangabler/Library/Pioneer/rekordbox/master.db.backup_20260305_094339
2026-03-05 09:43:40  INFO      autocue.batch  Review & Learn abgeschlossen
2026-03-05 09:43:40  INFO      autocue.batch  [1/10] mitternacht (extended)
2026-03-05 09:43:40  INFO      autocue.writer  Verarbeite: 02 mitternacht (extended)  [LIVE]
2026-03-05 09:43:50  INFO      autocue.batch  OK: mitternacht (extended)  Cues=10
2026-03-05 09:43:50  INFO      autocue.batch  [2/10] More Of The Same (Extended Mix)
2026-03-05 09:43:50  INFO      autocue.writer  Verarbeite: 01 More Of The Same (Extended Mix)  [LIVE]
2026-03-05 09:44:04  INFO      autocue.batch  OK: More Of The Same (Extended Mix)  Cues=11
2026-03-05 09:44:04  INFO      autocue.batch  [3/10] Nostalgia (Extended Mix)
2026-03-05 09:44:04  INFO      autocue.writer  Verarbeite: 01 Nostalgia (Extended Mix)  [LIVE]
2026-03-05 09:44:13  INFO      autocue.batch  OK: Nostalgia (Extended Mix)  Cues=10
2026-03-05 09:44:13  INFO      autocue.batch  [4/10] Maria (I Like It Loud) (Extended Mix)
2026-03-05 09:44:13  INFO      autocue.writer  Verarbeite: 01 Maria (I Like It Loud) (Extended Mix)  [LIVE]
2026-03-05 09:44:21  INFO      autocue.batch  OK: Maria (I Like It Loud) (Extended Mix)  Cues=12
2026-03-05 09:44:21  INFO      autocue.batch  [5/10] I Got My Money (Original Mix)
2026-03-05 09:44:21  INFO      autocue.writer  Verarbeite: 01 I Got My Money (Original Mix)  [LIVE]
2026-03-05 09:44:32  INFO      autocue.batch  OK: I Got My Money (Original Mix)  Cues=12
2026-03-05 09:44:32  INFO      autocue.batch  [6/10] Fergalicious (Donny Graves Remix) (Donny Graves Remix (Dirty))
2026-03-05 09:44:32  INFO      autocue.writer  Verarbeite: 01 Fergalicious (Donny Graves Remix) (Donny Graves Remix (Dirty))  [LIVE]
2026-03-05 09:44:42  INFO      autocue.batch  OK: Fergalicious (Donny Graves Remix) (Donny Graves Remix (Dirty))  Cues=12
2026-03-05 09:44:42  INFO      autocue.batch  [7/10] Lights Out (Extended Mix )
2026-03-05 09:44:42  INFO      autocue.writer  Verarbeite: 01 Lights Out (Extended Mix )  [LIVE]
2026-03-05 09:44:51  INFO      autocue.batch  OK: Lights Out (Extended Mix )  Cues=9
2026-03-05 09:44:51  INFO      autocue.batch  [8/10] Vicious Chords (Extended Mix)
2026-03-05 09:44:51  INFO      autocue.writer  Verarbeite: 01 Vicious Chords (Extended Mix)  [LIVE]
2026-03-05 09:45:02  INFO      autocue.batch  OK: Vicious Chords (Extended Mix)  Cues=12
2026-03-05 09:45:02  INFO      autocue.batch  [9/10] Brighter Days
2026-03-05 09:45:02  INFO      autocue.writer  Verarbeite: Brighter Days  [LIVE]
2026-03-05 09:45:11  INFO      autocue.batch  OK: Brighter Days  Cues=12
2026-03-05 09:45:11  INFO      autocue.batch  [10/10] Inner Odyssey (Original Mix)
2026-03-05 09:45:11  INFO      autocue.writer  Verarbeite: 01 Inner Odyssey (Original Mix)  [LIVE]
2026-03-05 09:45:25  INFO      autocue.batch  OK: Inner Odyssey (Original Mix)  Cues=12
2026-03-05 09:45:25  INFO      autocue.batch  Batch abgeschlossen: processed=10 skipped=0 errors=0 elapsed=105.7s
2026-03-07 20:37:45  INFO      autocue.batch  Batch gestartet — Playlist=analyse-playlist  mode=LIVE
2026-03-07 20:37:45  INFO      autocue.batch  Backup erstellt: /Users/sebastiangabler/Library/Pioneer/rekordbox/master.db.backup_20260307_203745
2026-03-07 20:37:45  INFO      autocue.batch  Review & Learn abgeschlossen
2026-03-07 20:37:45  INFO      autocue.batch  [1/6] Alone (Original Mix)
2026-03-07 20:37:45  INFO      autocue.writer  Verarbeite: 01 Alone (Original Mix)  [LIVE]
2026-03-07 20:37:58  INFO      autocue.batch  OK: Alone (Original Mix)  Cues=13
2026-03-07 20:37:58  INFO      autocue.batch  [2/6] Thank You (Rework) [Extended Mix]
2026-03-07 20:37:58  INFO      autocue.writer  Verarbeite: Thank You (Rework) [Extended Mix]  [LIVE]
2026-03-07 20:38:11  INFO      autocue.batch  OK: Thank You (Rework) [Extended Mix]  Cues=10
2026-03-07 20:38:11  INFO      autocue.batch  [3/6] Nostalgia (Extended Mix)
2026-03-07 20:38:11  INFO      autocue.writer  Verarbeite: 01 Nostalgia (Extended Mix)  [LIVE]
2026-03-07 20:38:20  INFO      autocue.batch  OK: Nostalgia (Extended Mix)  Cues=10
2026-03-07 20:38:20  INFO      autocue.batch  [4/6] Maria (I Like It Loud) (Extended Mix)
2026-03-07 20:38:20  INFO      autocue.writer  Verarbeite: 01 Maria (I Like It Loud) (Extended Mix)  [LIVE]
2026-03-07 20:38:27  INFO      autocue.batch  OK: Maria (I Like It Loud) (Extended Mix)  Cues=12
2026-03-07 20:38:27  INFO      autocue.batch  [5/6] Inner Odyssey (Original Mix)
2026-03-07 20:38:27  INFO      autocue.writer  Verarbeite: 01 Inner Odyssey (Original Mix)  [LIVE]
2026-03-07 20:38:41  INFO      autocue.batch  OK: Inner Odyssey (Original Mix)  Cues=12
2026-03-07 20:38:41  INFO      autocue.batch  [6/6] Conquer Yosemite EP (Diving with Whales (Extended Mix))
2026-03-07 20:38:41  INFO      autocue.writer  Verarbeite: 01 Conquer Yosemite EP (Diving with Whales (Extended Mix))  [LIVE]
2026-03-07 20:38:54  INFO      autocue.batch  OK: Conquer Yosemite EP (Diving with Whales (Extended Mix))  Cues=12
2026-03-07 20:38:54  INFO      autocue.batch  Batch abgeschlossen: processed=6 skipped=0 errors=0 elapsed=68.7s
2026-03-08 15:20:10  INFO      autocue.batch  Batch gestartet — Playlist=analyse-playlist  mode=LIVE
2026-03-08 15:20:10  INFO      autocue.batch  Backup erstellt: /Users/sebastiangabler/Library/Pioneer/rekordbox/master.db.backup_20260308_152010
2026-03-08 15:20:10  INFO      autocue.batch  Review & Learn abgeschlossen
2026-03-08 15:20:10  INFO      autocue.batch  [1/6] Alone (Original Mix)
2026-03-08 15:20:10  INFO      autocue.writer  Verarbeite: 01 Alone (Original Mix)  [LIVE]
2026-03-08 15:20:23  INFO      autocue.batch  OK: Alone (Original Mix)  Cues=12
2026-03-08 15:20:23  INFO      autocue.batch  [2/6] Thank You (Rework) [Extended Mix]
2026-03-08 15:20:23  INFO      autocue.writer  Verarbeite: Thank You (Rework) [Extended Mix]  [LIVE]
2026-03-08 15:20:38  INFO      autocue.batch  OK: Thank You (Rework) [Extended Mix]  Cues=10
2026-03-08 15:20:38  INFO      autocue.batch  [3/6] Nostalgia (Extended Mix)
2026-03-08 15:20:38  INFO      autocue.writer  Verarbeite: 01 Nostalgia (Extended Mix)  [LIVE]
2026-03-08 15:20:48  INFO      autocue.batch  OK: Nostalgia (Extended Mix)  Cues=9
2026-03-08 15:20:48  INFO      autocue.batch  [4/6] Maria (I Like It Loud) (Extended Mix)
2026-03-08 15:20:48  INFO      autocue.writer  Verarbeite: 01 Maria (I Like It Loud) (Extended Mix)  [LIVE]
2026-03-08 15:20:55  INFO      autocue.batch  OK: Maria (I Like It Loud) (Extended Mix)  Cues=11
2026-03-08 15:20:55  INFO      autocue.batch  [5/6] Inner Odyssey (Original Mix)
2026-03-08 15:20:55  INFO      autocue.writer  Verarbeite: 01 Inner Odyssey (Original Mix)  [LIVE]
2026-03-08 15:21:10  INFO      autocue.batch  OK: Inner Odyssey (Original Mix)  Cues=10
2026-03-08 15:21:10  INFO      autocue.batch  [6/6] Conquer Yosemite EP (Diving with Whales (Extended Mix))
2026-03-08 15:21:10  INFO      autocue.writer  Verarbeite: 01 Conquer Yosemite EP (Diving with Whales (Extended Mix))  [LIVE]
2026-03-08 15:21:25  INFO      autocue.batch  OK: Conquer Yosemite EP (Diving with Whales (Extended Mix))  Cues=12
2026-03-08 15:21:25  INFO      autocue.batch  Batch abgeschlossen: processed=6 skipped=0 errors=0 elapsed=74.6s
2026-03-08 15:33:50  INFO      autocue.batch  Batch gestartet — Playlist=analyse-playlist  mode=LIVE
2026-03-08 15:33:50  INFO      autocue.batch  Backup erstellt: /Users/sebastiangabler/Library/Pioneer/rekordbox/master.db.backup_20260308_153350
2026-03-08 15:33:50  INFO      autocue.batch  Review & Learn abgeschlossen
2026-03-08 15:33:50  INFO      autocue.batch  [1/5] Freedom (Extended Mix)
2026-03-08 15:33:50  INFO      autocue.writer  Verarbeite: 01 Freedom (Extended Mix)  [LIVE]
2026-03-08 15:34:03  INFO      autocue.batch  OK: Freedom (Extended Mix)  Cues=9
2026-03-08 15:34:03  INFO      autocue.batch  [2/5] Fw Me (dirty) (Explicit)
2026-03-08 15:34:03  INFO      autocue.writer  Verarbeite: 01 Fw Me (dirty) (Explicit)  [LIVE]
2026-03-08 15:34:10  INFO      autocue.batch  OK: Fw Me (dirty) (Explicit)  Cues=7
2026-03-08 15:34:10  INFO      autocue.batch  [3/5] Push The Tempo (K Motionz Extended Mix)
2026-03-08 15:34:10  INFO      autocue.writer  Verarbeite: 06 Push The Tempo (K Motionz Extended Mix)  [LIVE]
2026-03-08 15:34:20  INFO      autocue.batch  OK: Push The Tempo (K Motionz Extended Mix)  Cues=12
2026-03-08 15:34:20  INFO      autocue.batch  [4/5] Ievan Polkka (Extended Mix)
2026-03-08 15:34:20  INFO      autocue.writer  Verarbeite: 01 Ievan Polkka (Extended Mix)  [LIVE]
2026-03-08 15:34:29  INFO      autocue.batch  OK: Ievan Polkka (Extended Mix)  Cues=8
2026-03-08 15:34:29  INFO      autocue.batch  [5/5] Telephone (Extended Mix)
2026-03-08 15:34:29  INFO      autocue.writer  Verarbeite: 01 Telephone (Extended Mix)  [LIVE]
2026-03-08 15:34:38  INFO      autocue.batch  OK: Telephone (Extended Mix)  Cues=8
2026-03-08 15:34:38  INFO      autocue.batch  Batch abgeschlossen: processed=5 skipped=0 errors=0 elapsed=47.4s
2026-03-08 16:07:38  INFO      autocue.batch  Batch gestartet — Playlist=analyse-playlist  mode=LIVE
2026-03-08 16:07:38  ERROR     autocue.batch  Rekordbox laeuft — Abbruch
2026-03-08 16:07:48  INFO      autocue.batch  Batch gestartet — Playlist=analyse-playlist  mode=LIVE
2026-03-08 16:07:49  INFO      autocue.batch  Backup erstellt: /Users/sebastiangabler/Library/Pioneer/rekordbox/master.db.backup_20260308_160748
2026-03-08 16:07:49  INFO      autocue.batch  Review & Learn abgeschlossen
2026-03-08 16:07:49  INFO      autocue.batch  [1/4] It's Your Time (Crazibiza Remix)
2026-03-08 16:07:49  INFO      autocue.writer  Verarbeite: 01 It's Your Time (Crazibiza Remix)  [LIVE]
2026-03-08 16:08:07  INFO      autocue.batch  OK: It's Your Time (Crazibiza Remix)  Cues=13
2026-03-08 16:08:07  INFO      autocue.batch  [2/4] I DON'T KNOW (Extended Mix)
2026-03-08 16:08:07  INFO      autocue.writer  Verarbeite: 01 I DON'T KNOW (Extended Mix)  [LIVE]
2026-03-08 16:08:16  INFO      autocue.batch  OK: I DON'T KNOW (Extended Mix)  Cues=12
2026-03-08 16:08:16  INFO      autocue.batch  [3/4] FTS (Sub Zero Project Rework) (Sub Zero Project Extended Remix)
2026-03-08 16:08:16  INFO      autocue.writer  Verarbeite: 02 FTS (Sub Zero Project Rework) (Sub Zero Project Extended Remix)  [LIVE]
2026-03-08 16:08:25  INFO      autocue.batch  OK: FTS (Sub Zero Project Rework) (Sub Zero Project Extended Remix)  Cues=10
2026-03-08 16:08:25  INFO      autocue.batch  [4/4] Gotta Move (Extended Mix)
2026-03-08 16:08:25  INFO      autocue.writer  Verarbeite: 01 Gotta Move (Extended Mix)  [LIVE]
2026-03-08 16:08:35  INFO      autocue.batch  OK: Gotta Move (Extended Mix)  Cues=13
2026-03-08 16:08:35  INFO      autocue.batch  Batch abgeschlossen: processed=4 skipped=0 errors=0 elapsed=46.6s
2026-03-08 16:13:07  INFO      autocue.batch  Batch gestartet — Playlist=analyse-playlist  mode=LIVE
2026-03-08 16:13:07  INFO      autocue.batch  Backup erstellt: /Users/sebastiangabler/Library/Pioneer/rekordbox/master.db.backup_20260308_161307
2026-03-08 16:13:08  INFO      autocue.batch  Review & Learn abgeschlossen
2026-03-08 16:13:08  INFO      autocue.batch  [1/5] Good Time (Extended Mix)
2026-03-08 16:13:08  INFO      autocue.writer  Verarbeite: 01 Good Time (Extended Mix)  [LIVE]
2026-03-08 16:13:18  INFO      autocue.batch  OK: Good Time (Extended Mix)  Cues=9
2026-03-08 16:13:18  INFO      autocue.batch  [2/5] Hello (Sidney Samson Remix)
2026-03-08 16:13:18  INFO      autocue.writer  Verarbeite: 04 Hello (Sidney Samson Remix)  [LIVE]
2026-03-08 16:13:31  INFO      autocue.batch  OK: Hello (Sidney Samson Remix)  Cues=12
2026-03-08 16:13:31  INFO      autocue.batch  [3/5] The Formula (Extended Mix)
2026-03-08 16:13:31  INFO      autocue.writer  Verarbeite: 01 The Formula (Extended Mix)  [LIVE]
2026-03-08 16:13:38  INFO      autocue.batch  OK: The Formula (Extended Mix)  Cues=9
2026-03-08 16:13:38  INFO      autocue.batch  [4/5] Sad! (Extended Mix)
2026-03-08 16:13:38  INFO      autocue.writer  Verarbeite: 01 Sad! (Extended Mix)  [LIVE]
2026-03-08 16:13:54  INFO      autocue.batch  OK: Sad! (Extended Mix)  Cues=13
2026-03-08 16:13:54  INFO      autocue.batch  [5/5] How To Be A Heartbreaker (Dada Life Remix)
2026-03-08 16:13:54  INFO      autocue.writer  Verarbeite: 05 How To Be A Heartbreaker (Dada Life Remix)  [LIVE]
2026-03-08 16:14:09  INFO      autocue.batch  OK: How To Be A Heartbreaker (Dada Life Remix)  Cues=10
2026-03-08 16:14:09  INFO      autocue.batch  Batch abgeschlossen: processed=5 skipped=0 errors=0 elapsed=61.5s
